This is XeTeX, Version 3.141592653-2.6-0.999996 (TeX Live 2024) (preloaded format=xelatex 2025.1.14)  16 FEB 2025 21:57
entering extended mode
 restricted \write18 enabled.
 %&-line parsing enabled.
**physics2.tex
(./physics2.tex
LaTeX2e <2024-11-01> patch level 1
L3 programming layer <2024-12-25>
(c:/texlive/2024/texmf-dist/tex/latex/base/article.cls
Document Class: article 2024/06/29 v1.4n Standard LaTeX document class
(c:/texlive/2024/texmf-dist/tex/latex/base/size12.clo
File: size12.clo 2024/06/29 v1.4n Standard LaTeX file (size option)
)
\c@part=\count192
\c@section=\count193
\c@subsection=\count194
\c@subsubsection=\count195
\c@paragraph=\count196
\c@subparagraph=\count197
\c@figure=\count198
\c@table=\count199
\abovecaptionskip=\skip49
\belowcaptionskip=\skip50
\bibindent=\dimen141
)
(c:/texlive/2024/texmf-dist/tex/latex/geometry/geometry.sty
Package: geometry 2020/01/02 v5.9 Page Geometry

(c:/texlive/2024/texmf-dist/tex/latex/graphics/keyval.sty
Package: keyval 2022/05/29 v1.15 key=value parser (DPC)
\KV@toks@=\toks17
)
(c:/texlive/2024/texmf-dist/tex/generic/iftex/ifvtex.sty
Package: ifvtex 2019/10/25 v1.7 ifvtex legacy package. Use iftex instead.

(c:/texlive/2024/texmf-dist/tex/generic/iftex/iftex.sty
Package: iftex 2024/12/12 v1.0g TeX engine tests
))
\Gm@cnth=\count266
\Gm@cntv=\count267
\c@Gm@tempcnt=\count268
\Gm@bindingoffset=\dimen142
\Gm@wd@mp=\dimen143
\Gm@odd@mp=\dimen144
\Gm@even@mp=\dimen145
\Gm@layoutwidth=\dimen146
\Gm@layoutheight=\dimen147
\Gm@layouthoffset=\dimen148
\Gm@layoutvoffset=\dimen149
\Gm@dimlist=\toks18
)
(c:/texlive/2024/texmf-dist/tex/latex/graphics/graphicx.sty
Package: graphicx 2021/09/16 v1.2d Enhanced LaTeX Graphics (DPC,SPQR)

(c:/texlive/2024/texmf-dist/tex/latex/graphics/graphics.sty
Package: graphics 2024/08/06 v1.4g Standard LaTeX Graphics (DPC,SPQR)

(c:/texlive/2024/texmf-dist/tex/latex/graphics/trig.sty
Package: trig 2023/12/02 v1.11 sin cos tan (DPC)
)
(c:/texlive/2024/texmf-dist/tex/latex/graphics-cfg/graphics.cfg
File: graphics.cfg 2016/06/04 v1.11 sample graphics configuration
)
Package graphics Info: Driver file: xetex.def on input line 106.

(c:/texlive/2024/texmf-dist/tex/latex/graphics-def/xetex.def
File: xetex.def 2022/09/22 v5.0n Graphics/color driver for xetex
))
\Gin@req@height=\dimen150
\Gin@req@width=\dimen151
)
(c:/texlive/2024/texmf-dist/tex/latex/amsmath/amsmath.sty
Package: amsmath 2024/11/05 v2.17t AMS math features
\@mathmargin=\skip51

For additional information on amsmath, use the `?' option.
(c:/texlive/2024/texmf-dist/tex/latex/amsmath/amstext.sty
Package: amstext 2021/08/26 v2.01 AMS text

(c:/texlive/2024/texmf-dist/tex/latex/amsmath/amsgen.sty
File: amsgen.sty 1999/11/30 v2.0 generic functions
\@emptytoks=\toks19
\ex@=\dimen152
))
(c:/texlive/2024/texmf-dist/tex/latex/amsmath/amsbsy.sty
Package: amsbsy 1999/11/29 v1.2d Bold Symbols
\pmbraise@=\dimen153
)
(c:/texlive/2024/texmf-dist/tex/latex/amsmath/amsopn.sty
Package: amsopn 2022/04/08 v2.04 operator names
)
\inf@bad=\count269
LaTeX Info: Redefining \frac on input line 233.
\uproot@=\count270
\leftroot@=\count271
LaTeX Info: Redefining \overline on input line 398.
LaTeX Info: Redefining \colon on input line 409.
\classnum@=\count272
\DOTSCASE@=\count273
LaTeX Info: Redefining \ldots on input line 495.
LaTeX Info: Redefining \dots on input line 498.
LaTeX Info: Redefining \cdots on input line 619.
\Mathstrutbox@=\box52
\strutbox@=\box53
LaTeX Info: Redefining \big on input line 721.
LaTeX Info: Redefining \Big on input line 722.
LaTeX Info: Redefining \bigg on input line 723.
LaTeX Info: Redefining \Bigg on input line 724.
\big@size=\dimen154
LaTeX Font Info:    Redeclaring font encoding OML on input line 742.
LaTeX Font Info:    Redeclaring font encoding OMS on input line 743.
\macc@depth=\count274
LaTeX Info: Redefining \bmod on input line 904.
LaTeX Info: Redefining \pmod on input line 909.
LaTeX Info: Redefining \smash on input line 939.
LaTeX Info: Redefining \relbar on input line 969.
LaTeX Info: Redefining \Relbar on input line 970.
\c@MaxMatrixCols=\count275
\dotsspace@=\muskip17
\c@parentequation=\count276
\dspbrk@lvl=\count277
\tag@help=\toks20
\row@=\count278
\column@=\count279
\maxfields@=\count280
\andhelp@=\toks21
\eqnshift@=\dimen155
\alignsep@=\dimen156
\tagshift@=\dimen157
\tagwidth@=\dimen158
\totwidth@=\dimen159
\lineht@=\dimen160
\@envbody=\toks22
\multlinegap=\skip52
\multlinetaggap=\skip53
\mathdisplay@stack=\toks23
LaTeX Info: Redefining \[ on input line 2953.
LaTeX Info: Redefining \] on input line 2954.
)
(c:/texlive/2024/texmf-dist/tex/latex/amsfonts/amsfonts.sty
Package: amsfonts 2013/01/14 v3.01 Basic AMSFonts support
\symAMSa=\mathgroup4
\symAMSb=\mathgroup5
LaTeX Font Info:    Redeclaring math symbol \hbar on input line 98.
LaTeX Font Info:    Overwriting math alphabet `\mathfrak' in version `bold'
(Font)                  U/euf/m/n --> U/euf/b/n on input line 106.
)
(c:/texlive/2024/texmf-dist/tex/latex/amscls/amsthm.sty
Package: amsthm 2020/05/29 v2.20.6
\thm@style=\toks24
\thm@bodyfont=\toks25
\thm@headfont=\toks26
\thm@notefont=\toks27
\thm@headpunct=\toks28
\thm@preskip=\skip54
\thm@postskip=\skip55
\thm@headsep=\skip56
\dth@everypar=\toks29
)
(c:/texlive/2024/texmf-dist/tex/latex/amsfonts/amssymb.sty
Package: amssymb 2013/01/14 v3.01 AMS font symbols
)
(c:/texlive/2024/texmf-dist/tex/latex/wrapfig/wrapfig.sty
\wrapoverhang=\dimen161
\WF@size=\dimen162
\c@WF@wrappedlines=\count281
\WF@box=\box54
\WF@everypar=\toks30
Package: wrapfig 2003/01/31  v 3.6
)
(c:/texlive/2024/texmf-dist/tex/latex/booktabs/booktabs.sty
Package: booktabs 2020/01/12 v1.61803398 Publication quality tables
\heavyrulewidth=\dimen163
\lightrulewidth=\dimen164
\cmidrulewidth=\dimen165
\belowrulesep=\dimen166
\belowbottomsep=\dimen167
\aboverulesep=\dimen168
\abovetopsep=\dimen169
\cmidrulesep=\dimen170
\cmidrulekern=\dimen171
\defaultaddspace=\dimen172
\@cmidla=\count282
\@cmidlb=\count283
\@aboverulesep=\dimen173
\@belowrulesep=\dimen174
\@thisruleclass=\count284
\@lastruleclass=\count285
\@thisrulewidth=\dimen175
)
(c:/texlive/2024/texmf-dist/tex/latex/caption/caption.sty
Package: caption 2023/08/05 v3.6o Customizing captions (AR)

(c:/texlive/2024/texmf-dist/tex/latex/caption/caption3.sty
Package: caption3 2023/07/31 v2.4d caption3 kernel (AR)
\caption@tempdima=\dimen176
\captionmargin=\dimen177
\caption@leftmargin=\dimen178
\caption@rightmargin=\dimen179
\caption@width=\dimen180
\caption@indent=\dimen181
\caption@parindent=\dimen182
\caption@hangindent=\dimen183
Package caption Info: Standard document class detected.
)
\c@caption@flags=\count286
\c@continuedfloat=\count287
Package caption Info: wrapfig package is loaded.
)
(c:/texlive/2024/texmf-dist/tex/latex/bigints/bigints.sty
Package: bigints 2010/02/15 Writing big integrals
Package bigints Info: This is Bigints by Merciadri Luca. on input line 5.
)
(c:/texlive/2024/texmf-dist/tex/latex/caption/subcaption.sty
Package: subcaption 2023/07/28 v1.6b Sub-captions (AR)
Package caption Info: New subtype `subfigure' on input line 238.
\c@subfigure=\count288
Package caption Info: New subtype `subtable' on input line 238.
\c@subtable=\count289
)
(c:/texlive/2024/texmf-dist/tex/latex/tcolorbox/tcolorbox.sty
Package: tcolorbox 2024/10/22 version 6.4.1 text color boxes

(c:/texlive/2024/texmf-dist/tex/latex/pgf/frontendlayer/tikz.sty
(c:/texlive/2024/texmf-dist/tex/latex/pgf/basiclayer/pgf.sty
(c:/texlive/2024/texmf-dist/tex/latex/pgf/utilities/pgfrcs.sty
(c:/texlive/2024/texmf-dist/tex/generic/pgf/utilities/pgfutil-common.tex
\pgfutil@everybye=\toks31
\pgfutil@tempdima=\dimen184
\pgfutil@tempdimb=\dimen185
)
(c:/texlive/2024/texmf-dist/tex/generic/pgf/utilities/pgfutil-latex.def
\pgfutil@abb=\box55
)
(c:/texlive/2024/texmf-dist/tex/generic/pgf/utilities/pgfrcs.code.tex
(c:/texlive/2024/texmf-dist/tex/generic/pgf/pgf.revision.tex)
Package: pgfrcs 2023-01-15 v3.1.10 (3.1.10)
))
Package: pgf 2023-01-15 v3.1.10 (3.1.10)

(c:/texlive/2024/texmf-dist/tex/latex/pgf/basiclayer/pgfcore.sty
(c:/texlive/2024/texmf-dist/tex/latex/pgf/systemlayer/pgfsys.sty
(c:/texlive/2024/texmf-dist/tex/generic/pgf/systemlayer/pgfsys.code.tex
Package: pgfsys 2023-01-15 v3.1.10 (3.1.10)

(c:/texlive/2024/texmf-dist/tex/generic/pgf/utilities/pgfkeys.code.tex
\pgfkeys@pathtoks=\toks32
\pgfkeys@temptoks=\toks33

(c:/texlive/2024/texmf-dist/tex/generic/pgf/utilities/pgfkeyslibraryfiltered.co
de.tex
\pgfkeys@tmptoks=\toks34
))
\pgf@x=\dimen186
\pgf@y=\dimen187
\pgf@xa=\dimen188
\pgf@ya=\dimen189
\pgf@xb=\dimen190
\pgf@yb=\dimen191
\pgf@xc=\dimen192
\pgf@yc=\dimen193
\pgf@xd=\dimen194
\pgf@yd=\dimen195
\w@pgf@writea=\write3
\r@pgf@reada=\read2
\c@pgf@counta=\count290
\c@pgf@countb=\count291
\c@pgf@countc=\count292
\c@pgf@countd=\count293
\t@pgf@toka=\toks35
\t@pgf@tokb=\toks36
\t@pgf@tokc=\toks37
\pgf@sys@id@count=\count294
 (c:/texlive/2024/texmf-dist/tex/generic/pgf/systemlayer/pgf.cfg
File: pgf.cfg 2023-01-15 v3.1.10 (3.1.10)
)
Driver file for pgf: pgfsys-xetex.def

(c:/texlive/2024/texmf-dist/tex/generic/pgf/systemlayer/pgfsys-xetex.def
File: pgfsys-xetex.def 2023-01-15 v3.1.10 (3.1.10)

(c:/texlive/2024/texmf-dist/tex/generic/pgf/systemlayer/pgfsys-dvipdfmx.def
File: pgfsys-dvipdfmx.def 2023-01-15 v3.1.10 (3.1.10)

(c:/texlive/2024/texmf-dist/tex/generic/pgf/systemlayer/pgfsys-common-pdf.def
File: pgfsys-common-pdf.def 2023-01-15 v3.1.10 (3.1.10)
)
\pgfsys@objnum=\count295
)))
(c:/texlive/2024/texmf-dist/tex/generic/pgf/systemlayer/pgfsyssoftpath.code.tex
File: pgfsyssoftpath.code.tex 2023-01-15 v3.1.10 (3.1.10)
\pgfsyssoftpath@smallbuffer@items=\count296
\pgfsyssoftpath@bigbuffer@items=\count297
)
(c:/texlive/2024/texmf-dist/tex/generic/pgf/systemlayer/pgfsysprotocol.code.tex
File: pgfsysprotocol.code.tex 2023-01-15 v3.1.10 (3.1.10)
)) (c:/texlive/2024/texmf-dist/tex/latex/xcolor/xcolor.sty
Package: xcolor 2024/09/29 v3.02 LaTeX color extensions (UK)

(c:/texlive/2024/texmf-dist/tex/latex/graphics-cfg/color.cfg
File: color.cfg 2016/01/02 v1.6 sample color configuration
)
Package xcolor Info: Driver file: xetex.def on input line 274.

(c:/texlive/2024/texmf-dist/tex/latex/graphics/mathcolor.ltx)
Package xcolor Info: Model `cmy' substituted by `cmy0' on input line 1349.
Package xcolor Info: Model `RGB' extended on input line 1365.
Package xcolor Info: Model `HTML' substituted by `rgb' on input line 1367.
Package xcolor Info: Model `Hsb' substituted by `hsb' on input line 1368.
Package xcolor Info: Model `tHsb' substituted by `hsb' on input line 1369.
Package xcolor Info: Model `HSB' substituted by `hsb' on input line 1370.
Package xcolor Info: Model `Gray' substituted by `gray' on input line 1371.
Package xcolor Info: Model `wave' substituted by `hsb' on input line 1372.
)
(c:/texlive/2024/texmf-dist/tex/generic/pgf/basiclayer/pgfcore.code.tex
Package: pgfcore 2023-01-15 v3.1.10 (3.1.10)

(c:/texlive/2024/texmf-dist/tex/generic/pgf/math/pgfmath.code.tex
(c:/texlive/2024/texmf-dist/tex/generic/pgf/math/pgfmathutil.code.tex)
(c:/texlive/2024/texmf-dist/tex/generic/pgf/math/pgfmathparser.code.tex
\pgfmath@dimen=\dimen196
\pgfmath@count=\count298
\pgfmath@box=\box56
\pgfmath@toks=\toks38
\pgfmath@stack@operand=\toks39
\pgfmath@stack@operation=\toks40
)
(c:/texlive/2024/texmf-dist/tex/generic/pgf/math/pgfmathfunctions.code.tex)
(c:/texlive/2024/texmf-dist/tex/generic/pgf/math/pgfmathfunctions.basic.code.te
x)
(c:/texlive/2024/texmf-dist/tex/generic/pgf/math/pgfmathfunctions.trigonometric
.code.tex)
(c:/texlive/2024/texmf-dist/tex/generic/pgf/math/pgfmathfunctions.random.code.t
ex)
(c:/texlive/2024/texmf-dist/tex/generic/pgf/math/pgfmathfunctions.comparison.co
de.tex)
(c:/texlive/2024/texmf-dist/tex/generic/pgf/math/pgfmathfunctions.base.code.tex
)
(c:/texlive/2024/texmf-dist/tex/generic/pgf/math/pgfmathfunctions.round.code.te
x)
(c:/texlive/2024/texmf-dist/tex/generic/pgf/math/pgfmathfunctions.misc.code.tex
)
(c:/texlive/2024/texmf-dist/tex/generic/pgf/math/pgfmathfunctions.integerarithm
etics.code.tex)
(c:/texlive/2024/texmf-dist/tex/generic/pgf/math/pgfmathcalc.code.tex)
(c:/texlive/2024/texmf-dist/tex/generic/pgf/math/pgfmathfloat.code.tex
\c@pgfmathroundto@lastzeros=\count299
))
(c:/texlive/2024/texmf-dist/tex/generic/pgf/math/pgfint.code.tex)
(c:/texlive/2024/texmf-dist/tex/generic/pgf/basiclayer/pgfcorepoints.code.tex
File: pgfcorepoints.code.tex 2023-01-15 v3.1.10 (3.1.10)
\pgf@picminx=\dimen197
\pgf@picmaxx=\dimen198
\pgf@picminy=\dimen199
\pgf@picmaxy=\dimen256
\pgf@pathminx=\dimen257
\pgf@pathmaxx=\dimen258
\pgf@pathminy=\dimen259
\pgf@pathmaxy=\dimen260
\pgf@xx=\dimen261
\pgf@xy=\dimen262
\pgf@yx=\dimen263
\pgf@yy=\dimen264
\pgf@zx=\dimen265
\pgf@zy=\dimen266
)
(c:/texlive/2024/texmf-dist/tex/generic/pgf/basiclayer/pgfcorepathconstruct.cod
e.tex
File: pgfcorepathconstruct.code.tex 2023-01-15 v3.1.10 (3.1.10)
\pgf@path@lastx=\dimen267
\pgf@path@lasty=\dimen268
)
(c:/texlive/2024/texmf-dist/tex/generic/pgf/basiclayer/pgfcorepathusage.code.te
x
File: pgfcorepathusage.code.tex 2023-01-15 v3.1.10 (3.1.10)
\pgf@shorten@end@additional=\dimen269
\pgf@shorten@start@additional=\dimen270
)
(c:/texlive/2024/texmf-dist/tex/generic/pgf/basiclayer/pgfcorescopes.code.tex
File: pgfcorescopes.code.tex 2023-01-15 v3.1.10 (3.1.10)
\pgfpic=\box57
\pgf@hbox=\box58
\pgf@layerbox@main=\box59
\pgf@picture@serial@count=\count300
)
(c:/texlive/2024/texmf-dist/tex/generic/pgf/basiclayer/pgfcoregraphicstate.code
.tex
File: pgfcoregraphicstate.code.tex 2023-01-15 v3.1.10 (3.1.10)
\pgflinewidth=\dimen271
)
(c:/texlive/2024/texmf-dist/tex/generic/pgf/basiclayer/pgfcoretransformations.c
ode.tex
File: pgfcoretransformations.code.tex 2023-01-15 v3.1.10 (3.1.10)
\pgf@pt@x=\dimen272
\pgf@pt@y=\dimen273
\pgf@pt@temp=\dimen274
)
(c:/texlive/2024/texmf-dist/tex/generic/pgf/basiclayer/pgfcorequick.code.tex
File: pgfcorequick.code.tex 2023-01-15 v3.1.10 (3.1.10)
)
(c:/texlive/2024/texmf-dist/tex/generic/pgf/basiclayer/pgfcoreobjects.code.tex
File: pgfcoreobjects.code.tex 2023-01-15 v3.1.10 (3.1.10)
)
(c:/texlive/2024/texmf-dist/tex/generic/pgf/basiclayer/pgfcorepathprocessing.co
de.tex
File: pgfcorepathprocessing.code.tex 2023-01-15 v3.1.10 (3.1.10)
)
(c:/texlive/2024/texmf-dist/tex/generic/pgf/basiclayer/pgfcorearrows.code.tex
File: pgfcorearrows.code.tex 2023-01-15 v3.1.10 (3.1.10)
\pgfarrowsep=\dimen275
)
(c:/texlive/2024/texmf-dist/tex/generic/pgf/basiclayer/pgfcoreshade.code.tex
File: pgfcoreshade.code.tex 2023-01-15 v3.1.10 (3.1.10)
\pgf@max=\dimen276
\pgf@sys@shading@range@num=\count301
\pgf@shadingcount=\count302
)
(c:/texlive/2024/texmf-dist/tex/generic/pgf/basiclayer/pgfcoreimage.code.tex
File: pgfcoreimage.code.tex 2023-01-15 v3.1.10 (3.1.10)
)
(c:/texlive/2024/texmf-dist/tex/generic/pgf/basiclayer/pgfcoreexternal.code.tex
File: pgfcoreexternal.code.tex 2023-01-15 v3.1.10 (3.1.10)
\pgfexternal@startupbox=\box60
) (c:/texlive/2024/texmf-dist/tex/generic/pgf/basiclayer/pgfcorelayers.code.tex
File: pgfcorelayers.code.tex 2023-01-15 v3.1.10 (3.1.10)
)
(c:/texlive/2024/texmf-dist/tex/generic/pgf/basiclayer/pgfcoretransparency.code
.tex
File: pgfcoretransparency.code.tex 2023-01-15 v3.1.10 (3.1.10)
)
(c:/texlive/2024/texmf-dist/tex/generic/pgf/basiclayer/pgfcorepatterns.code.tex
File: pgfcorepatterns.code.tex 2023-01-15 v3.1.10 (3.1.10)
) (c:/texlive/2024/texmf-dist/tex/generic/pgf/basiclayer/pgfcorerdf.code.tex
File: pgfcorerdf.code.tex 2023-01-15 v3.1.10 (3.1.10)
))) (c:/texlive/2024/texmf-dist/tex/generic/pgf/modules/pgfmoduleshapes.code.te
x
File: pgfmoduleshapes.code.tex 2023-01-15 v3.1.10 (3.1.10)
\pgfnodeparttextbox=\box61
)
(c:/texlive/2024/texmf-dist/tex/generic/pgf/modules/pgfmoduleplot.code.tex
File: pgfmoduleplot.code.tex 2023-01-15 v3.1.10 (3.1.10)
)
(c:/texlive/2024/texmf-dist/tex/latex/pgf/compatibility/pgfcomp-version-0-65.st
y
Package: pgfcomp-version-0-65 2023-01-15 v3.1.10 (3.1.10)
\pgf@nodesepstart=\dimen277
\pgf@nodesepend=\dimen278
)
(c:/texlive/2024/texmf-dist/tex/latex/pgf/compatibility/pgfcomp-version-1-18.st
y
Package: pgfcomp-version-1-18 2023-01-15 v3.1.10 (3.1.10)
)) (c:/texlive/2024/texmf-dist/tex/latex/pgf/utilities/pgffor.sty
(c:/texlive/2024/texmf-dist/tex/latex/pgf/utilities/pgfkeys.sty
(c:/texlive/2024/texmf-dist/tex/generic/pgf/utilities/pgfkeys.code.tex))
(c:/texlive/2024/texmf-dist/tex/latex/pgf/math/pgfmath.sty
(c:/texlive/2024/texmf-dist/tex/generic/pgf/math/pgfmath.code.tex))
(c:/texlive/2024/texmf-dist/tex/generic/pgf/utilities/pgffor.code.tex
Package: pgffor 2023-01-15 v3.1.10 (3.1.10)
\pgffor@iter=\dimen279
\pgffor@skip=\dimen280
\pgffor@stack=\toks41
\pgffor@toks=\toks42
))
(c:/texlive/2024/texmf-dist/tex/generic/pgf/frontendlayer/tikz/tikz.code.tex
Package: tikz 2023-01-15 v3.1.10 (3.1.10)

(c:/texlive/2024/texmf-dist/tex/generic/pgf/libraries/pgflibraryplothandlers.co
de.tex
File: pgflibraryplothandlers.code.tex 2023-01-15 v3.1.10 (3.1.10)
\pgf@plot@mark@count=\count303
\pgfplotmarksize=\dimen281
)
\tikz@lastx=\dimen282
\tikz@lasty=\dimen283
\tikz@lastxsaved=\dimen284
\tikz@lastysaved=\dimen285
\tikz@lastmovetox=\dimen286
\tikz@lastmovetoy=\dimen287
\tikzleveldistance=\dimen288
\tikzsiblingdistance=\dimen289
\tikz@figbox=\box62
\tikz@figbox@bg=\box63
\tikz@tempbox=\box64
\tikz@tempbox@bg=\box65
\tikztreelevel=\count304
\tikznumberofchildren=\count305
\tikznumberofcurrentchild=\count306
\tikz@fig@count=\count307

(c:/texlive/2024/texmf-dist/tex/generic/pgf/modules/pgfmodulematrix.code.tex
File: pgfmodulematrix.code.tex 2023-01-15 v3.1.10 (3.1.10)
\pgfmatrixcurrentrow=\count308
\pgfmatrixcurrentcolumn=\count309
\pgf@matrix@numberofcolumns=\count310
)
\tikz@expandcount=\count311

(c:/texlive/2024/texmf-dist/tex/generic/pgf/frontendlayer/tikz/libraries/tikzli
brarytopaths.code.tex
File: tikzlibrarytopaths.code.tex 2023-01-15 v3.1.10 (3.1.10)
)))
(c:/texlive/2024/texmf-dist/tex/latex/tools/verbatim.sty
Package: verbatim 2024-01-22 v1.5x LaTeX2e package for verbatim enhancements
\every@verbatim=\toks43
\verbatim@line=\toks44
\verbatim@in@stream=\read3
)
(c:/texlive/2024/texmf-dist/tex/latex/environ/environ.sty
Package: environ 2014/05/04 v0.3 A new way to define environments

(c:/texlive/2024/texmf-dist/tex/latex/trimspaces/trimspaces.sty
Package: trimspaces 2009/09/17 v1.1 Trim spaces around a token list
))
(c:/texlive/2024/texmf-dist/tex/latex/etoolbox/etoolbox.sty
Package: etoolbox 2020/10/05 v2.5k e-TeX tools for LaTeX (JAW)
\etb@tempcnta=\count312
)
\tcb@titlebox=\box66
\tcb@upperbox=\box67
\tcb@lowerbox=\box68
\tcb@phantombox=\box69
\c@tcbbreakpart=\count313
\c@tcblayer=\count314
\c@tcolorbox@number=\count315
\l__tcobox_tmpa_box=\box70
\l__tcobox_tmpa_dim=\dimen290
\tcb@temp=\box71
\tcb@temp=\box72
\tcb@temp=\box73
\tcb@temp=\box74

(c:/texlive/2024/texmf-dist/tex/latex/tcolorbox/tcbraster.code.tex
Library (tcolorbox): 'tcbraster.code.tex' version '6.4.1'
\c@tcbrastercolumn=\count316
\c@tcbrasterrow=\count317
\c@tcbrasternum=\count318
\c@tcbraster=\count319
) (c:/texlive/2024/texmf-dist/tex/latex/tcolorbox/tcbskins.code.tex
Library (tcolorbox): 'tcbskins.code.tex' version '6.4.1'
(c:/texlive/2024/texmf-dist/tex/latex/tikzfill/tikzfill.image.sty
Package: tikzfill.image 2023/08/08 v1.0.1 Image filling library for TikZ

(c:/texlive/2024/texmf-dist/tex/latex/tikzfill/tikzfill-common.sty
Package: tikzfill-common 2023/08/08 v1.0.1 Auxiliary code for tikzfill
)
(c:/texlive/2024/texmf-dist/tex/latex/tikzfill/tikzlibraryfill.image.code.tex
File: tikzlibraryfill.image.code.tex 2023/08/08 v1.0.1 Image filling library
\l__tikzfill_img_box=\box75
)) (c:/texlive/2024/texmf-dist/tex/latex/tcolorbox/tcbskinsjigsaw.code.tex
Library (tcolorbox): 'tcbskinsjigsaw.code.tex' version '6.4.1'
)) (c:/texlive/2024/texmf-dist/tex/latex/tcolorbox/tcbbreakable.code.tex
Library (tcolorbox): 'tcbbreakable.code.tex' version '6.4.1'
(c:/texlive/2024/texmf-dist/tex/latex/pdfcol/pdfcol.sty
Package: pdfcol 2022-09-21 v1.7 Handle new color stacks for pdfTeX (HO)

(c:/texlive/2024/texmf-dist/tex/generic/ltxcmds/ltxcmds.sty
Package: ltxcmds 2023-12-04 v1.26 LaTeX kernel commands for general use (HO)
)
(c:/texlive/2024/texmf-dist/tex/generic/infwarerr/infwarerr.sty
Package: infwarerr 2019/12/03 v1.5 Providing info/warning/error messages (HO)
)
Package pdfcol Info: Interface disabled because of missing PDF mode of pdfTeX.
)
Package pdfcol Info: pdfTeX's color stacks are not available.
\tcb@testbox=\box76
\tcb@totalupperbox=\box77
\tcb@totallowerbox=\box78
)
(c:/texlive/2024/texmf-dist/tex/latex/tcolorbox/tcbhooks.code.tex
Library (tcolorbox): 'tcbhooks.code.tex' version '6.4.1'
) (c:/texlive/2024/texmf-dist/tex/latex/tcolorbox/tcbtheorems.code.tex
Library (tcolorbox): 'tcbtheorems.code.tex' version '6.4.1'
) (c:/texlive/2024/texmf-dist/tex/latex/tcolorbox/tcbfitting.code.tex
Library (tcolorbox): 'tcbfitting.code.tex' version '6.4.1'
\tcbfitdim=\dimen291
\tcb@lowerfitdim=\dimen292
\tcb@upperfitdim=\dimen293
\tcb@cur@hbadness=\count320
)) (c:/texlive/2024/texmf-dist/tex/latex/circuitikz/circuitikz.sty
Package: circuitikz 2025/01/10{} The CircuiTikz circuit drawing package version
 1.7.1

(c:/texlive/2024/texmf-dist/tex/generic/pgf/frontendlayer/tikz/libraries/tikzli
brarycalc.code.tex
File: tikzlibrarycalc.code.tex 2023-01-15 v3.1.10 (3.1.10)
)
(c:/texlive/2024/texmf-dist/tex/generic/pgf/libraries/pgflibraryarrows.meta.cod
e.tex
File: pgflibraryarrows.meta.code.tex 2023-01-15 v3.1.10 (3.1.10)
\pgfarrowinset=\dimen294
\pgfarrowlength=\dimen295
\pgfarrowwidth=\dimen296
\pgfarrowlinewidth=\dimen297
)
(c:/texlive/2024/texmf-dist/tex/generic/pgf/frontendlayer/tikz/libraries/tikzli
brarybending.code.tex
File: tikzlibrarybending.code.tex 2023-01-15 v3.1.10 (3.1.10)

(c:/texlive/2024/texmf-dist/tex/generic/pgf/modules/pgfmodulebending.code.tex
File: pgfmodulebending.code.tex 2023-01-15 v3.1.10 (3.1.10)

(c:/texlive/2024/texmf-dist/tex/generic/pgf/modules/pgfmodulenonlineartransform
ations.code.tex
File: pgfmodulenonlineartransformations.code.tex 2023-01-15 v3.1.10 (3.1.10)
\pgftransformnonlinearflatness=\dimen298
)
(c:/texlive/2024/texmf-dist/tex/generic/pgf/libraries/pgflibrarycurvilinear.cod
e.tex
File: pgflibrarycurvilinear.code.tex 2023-01-15 v3.1.10 (3.1.10)
\pgf@curvilinear@time@a=\dimen299
\pgf@curvilinear@length@a=\dimen300
\pgf@curvilinear@length@b=\dimen301
\pgf@curvilinear@length@c=\dimen302
\pgf@curvilinear@length@d=\dimen303
)
\pgf@arrows@the@rigidity=\dimen304
))
(c:/texlive/2024/texmf-dist/tex/generic/pgf/frontendlayer/tikz/libraries/tikzli
braryfpu.code.tex
(c:/texlive/2024/texmf-dist/tex/generic/pgf/libraries/pgflibraryfpu.code.tex))
(c:/texlive/2024/texmf-dist/tex/generic/circuitikz/pgfcirc.defines.tex
\pgf@circ@count@a=\count321
\pgf@circ@count@b=\count322
\pgf@circ@count@c=\count323
\pgf@circ@res@up=\dimen305
\pgf@circ@res@down=\dimen306
\pgf@circ@res@zero=\dimen307
\pgf@circ@res@left=\dimen308
\pgf@circ@res@right=\dimen309
\pgf@circ@res@other=\dimen310
\pgf@circ@res@step=\dimen311
\pgf@circ@res@temp=\dimen312
\pgf@circ@Rlen=\dimen313
\pgf@circ@scaled@Rlen=\dimen314
\pgfstartlinewidth=\dimen315
)
(c:/texlive/2024/texmf-dist/tex/generic/circuitikz/pgfcircutils.tex
\ctikz@scratchbox=\box79
)
(c:/texlive/2024/texmf-dist/tex/generic/circuitikz/pgfcircpath.tex)
(c:/texlive/2024/texmf-dist/tex/generic/circuitikz/pgfcircshapes.tex)
(c:/texlive/2024/texmf-dist/tex/generic/circuitikz/pgfcircmonopoles.tex)
(c:/texlive/2024/texmf-dist/tex/generic/circuitikz/pgfcircbipoles.tex)
(c:/texlive/2024/texmf-dist/tex/generic/circuitikz/pgfcirctripoles.tex
\pgf@circ@res@count=\count324
)
(c:/texlive/2024/texmf-dist/tex/generic/circuitikz/pgfcircquadpoles.tex)
(c:/texlive/2024/texmf-dist/tex/generic/circuitikz/pgfcircmultipoles.tex)
(c:/texlive/2024/texmf-dist/tex/generic/circuitikz/pgfcirclabel.tex)
(c:/texlive/2024/texmf-dist/tex/generic/circuitikz/pgfcircvoltage.tex
\pgfcirc@labelshift=\dimen316
)
(c:/texlive/2024/texmf-dist/tex/generic/circuitikz/pgfcirccurrent.tex)
(c:/texlive/2024/texmf-dist/tex/generic/circuitikz/pgfcircflow.tex))
(c:/texlive/2024/texmf-dist/tex/latex/jknapltx/mathrsfs.sty
Package: mathrsfs 1996/01/01 Math RSFS package v1.0 (jk)
\symrsfs=\mathgroup6
)
(c:/texlive/2024/texmf-dist/tex/latex/tools/tabularx.sty
Package: tabularx 2023/12/11 v2.12a `tabularx' package (DPC)

(c:/texlive/2024/texmf-dist/tex/latex/tools/array.sty
Package: array 2024/10/17 v2.6g Tabular extension package (FMi)
\col@sep=\dimen317
\ar@mcellbox=\box80
\extrarowheight=\dimen318
\NC@list=\toks45
\extratabsurround=\skip57
\backup@length=\skip58
\ar@cellbox=\box81
)
\TX@col@width=\dimen319
\TX@old@table=\dimen320
\TX@old@col=\dimen321
\TX@target=\dimen322
\TX@delta=\dimen323
\TX@cols=\count325
\TX@ftn=\toks46
)
\c@thm=\count326

(c:/texlive/2024/texmf-dist/tex/latex/l3backend/l3backend-xetex.def
File: l3backend-xetex.def 2024-05-08 L3 backend support: XeTeX
\g__graphics_track_int=\count327
\l__pdf_internal_box=\box82
\g__pdf_backend_annotation_int=\count328
\g__pdf_backend_link_int=\count329
)
(./physics2.aux)
\openout1 = `physics2.aux'.

LaTeX Font Info:    Checking defaults for OML/cmm/m/it on input line 48.
LaTeX Font Info:    ... okay on input line 48.
LaTeX Font Info:    Checking defaults for OMS/cmsy/m/n on input line 48.
LaTeX Font Info:    ... okay on input line 48.
LaTeX Font Info:    Checking defaults for OT1/cmr/m/n on input line 48.
LaTeX Font Info:    ... okay on input line 48.
LaTeX Font Info:    Checking defaults for T1/cmr/m/n on input line 48.
LaTeX Font Info:    ... okay on input line 48.
LaTeX Font Info:    Checking defaults for TS1/cmr/m/n on input line 48.
LaTeX Font Info:    ... okay on input line 48.
LaTeX Font Info:    Checking defaults for TU/lmr/m/n on input line 48.
LaTeX Font Info:    ... okay on input line 48.
LaTeX Font Info:    Checking defaults for OMX/cmex/m/n on input line 48.
LaTeX Font Info:    ... okay on input line 48.
LaTeX Font Info:    Checking defaults for U/cmr/m/n on input line 48.
LaTeX Font Info:    ... okay on input line 48.

*geometry* driver: auto-detecting
*geometry* detected driver: xetex
*geometry* verbose mode - [ preamble ] result:
* driver: xetex
* paper: a4paper
* layout: <same size as paper>
* layoutoffset:(h,v)=(0.0pt,0.0pt)
* modes: 
* h-part:(L,W,R)=(72.26999pt, 452.9679pt, 72.26999pt)
* v-part:(T,H,B)=(72.26999pt, 700.50687pt, 72.26999pt)
* \paperwidth=597.50787pt
* \paperheight=845.04684pt
* \textwidth=452.9679pt
* \textheight=700.50687pt
* \oddsidemargin=0.0pt
* \evensidemargin=0.0pt
* \topmargin=-37.0pt
* \headheight=12.0pt
* \headsep=25.0pt
* \topskip=12.0pt
* \footskip=30.0pt
* \marginparwidth=35.0pt
* \marginparsep=10.0pt
* \columnsep=10.0pt
* \skip\footins=10.8pt plus 4.0pt minus 2.0pt
* \hoffset=0.0pt
* \voffset=0.0pt
* \mag=1000
* \@twocolumnfalse
* \@twosidefalse
* \@mparswitchfalse
* \@reversemarginfalse
* (1in=72.27pt=25.4mm, 1cm=28.453pt)

Package caption Info: Begin \AtBeginDocument code.
Package caption Info: End \AtBeginDocument code.
LaTeX Font Info:    Trying to load font information for U+msa on input line 54.

(c:/texlive/2024/texmf-dist/tex/latex/amsfonts/umsa.fd
File: umsa.fd 2013/01/14 v3.01 AMS symbols A
)
LaTeX Font Info:    Trying to load font information for U+msb on input line 54.


(c:/texlive/2024/texmf-dist/tex/latex/amsfonts/umsb.fd
File: umsb.fd 2013/01/14 v3.01 AMS symbols B
)
LaTeX Font Info:    Trying to load font information for U+rsfs on input line 54
.

(c:/texlive/2024/texmf-dist/tex/latex/jknapltx/ursfs.fd
File: ursfs.fd 1998/03/24 rsfs font definition file (jk)
)

[1

]
File: Physics2_PNGs/elec-field-lines.png Graphic file (type bmp)
<Physics2_PNGs/elec-field-lines.png>


[2]
File: Physics2_PNGs/elec-dipole.png Graphic file (type bmp)
<Physics2_PNGs/elec-dipole.png>


LaTeX Font Warning: Command \small invalid in math mode on input line 186.



[3]
File: Physics2_PNGs/elec-line-charge.png Graphic file (type bmp)
<Physics2_PNGs/elec-line-charge.png>

Overfull \hbox (59.46646pt too wide) in paragraph at lines 237--238
 [][] 
 []


Underfull \hbox (badness 3179) in paragraph at lines 238--238
[]\TU/lmr/m/n/12 Figure 3: |A Ring
 []


Underfull \hbox (badness 3780) in paragraph at lines 238--238
\TU/lmr/m/n/12 of Uniform Positive
 []



[4]

[5]
File: Physics2_PNGs/electric-line-charge.png Graphic file (type bmp)
<Physics2_PNGs/electric-line-charge.png>
File: Physics2_PNGs/elec-charged-disk.png Graphic file (type bmp)
<Physics2_PNGs/elec-charged-disk.png>

Underfull \hbox (badness 4819) in paragraph at lines 327--327
[]|\TU/lmr/m/n/12 Figure 5: A disk
 []


Underfull \hbox (badness 7133) in paragraph at lines 327--327
\TU/lmr/m/n/12 of uniform positive
 []



[6]

[7]
File: Physics2_PNGs/potential-dipole.png Graphic file (type bmp)
<Physics2_PNGs/potential-dipole.png>


[8]
File: Physics2_PNGs/elec-veloc-flux.png Graphic file (type bmp)
<Physics2_PNGs/elec-veloc-flux.png>
File: Physics2_PNGs/gaussian-elec-field.png Graphic file (type bmp)
<Physics2_PNGs/gaussian-elec-field.png>

Overfull \hbox (60.09464pt too wide) in paragraph at lines 467--468
[][] 
 []


Underfull \hbox (badness 10000) in paragraph at lines 477--479

 []



[9]
File: Physics2_PNGs/closed-cylinder.png Graphic file (type bmp)
<Physics2_PNGs/closed-cylinder.png>

Underfull \hbox (badness 10000) in paragraph at lines 526--532

 []



[10]
File: Physics2_PNGs/gaussian-surf-lines.png Graphic file (type bmp)
<Physics2_PNGs/gaussian-surf-lines.png>

Overfull \hbox (36.80731pt too wide) in paragraph at lines 535--536
 [][] 
 []


Underfull \hbox (badness 10000) in paragraph at lines 548--549

 []


Underfull \hbox (badness 10000) in paragraph at lines 548--549

 []



[11]
Underfull \hbox (badness 10000) in paragraph at lines 585--587

 []


Underfull \hbox (badness 10000) in paragraph at lines 589--592

 []

File: Physics2_PNGs/external-elec-field.png Graphic file (type bmp)
<Physics2_PNGs/external-elec-field.png>

Overfull \hbox (65.26007pt too wide) in paragraph at lines 599--600
 [][] 
 []



[12]
Underfull \hbox (badness 10000) in paragraph at lines 626--627

 []

File: Physics2_PNGs/planar-gauss-surf.png Graphic file (type bmp)
<Physics2_PNGs/planar-gauss-surf.png>

Overfull \hbox (36.80731pt too wide) in paragraph at lines 656--657
 [][] 
 []



[13]
File: Physics2_PNGs/two-conducting-plates.png Graphic file (type bmp)
<Physics2_PNGs/two-conducting-plates.png>

Overfull \hbox (65.26007pt too wide) in paragraph at lines 696--697
 [][] 
 []



[14]
File: Physics2_PNGs/shell-theorem.png Graphic file (type bmp)
<Physics2_PNGs/shell-theorem.png>
File: Physics2_PNGs/gauss-spherical-symm.png Graphic file (type bmp)
<Physics2_PNGs/gauss-spherical-symm.png>


[15]

[16]
File: Physics2_PNGs/electric-field-lines-surf.png Graphic file (type bmp)
<Physics2_PNGs/electric-field-lines-surf.png>

Underfull \hbox (badness 10000) in paragraph at lines 861--874

 []



[17]
Underfull \hbox (badness 10000) in paragraph at lines 907--909

 []

File: Physics2_PNGs/point-charge-potential.png Graphic file (type bmp)
<Physics2_PNGs/point-charge-potential.png>

Overfull \hbox (70.42514pt too wide) in paragraph at lines 918--919
 [][] 
 []



[18]
File: Physics2_PNGs/dipole-point-potential.png Graphic file (type bmp)
<Physics2_PNGs/dipole-point-potential.png>

Overfull \hbox (47.1719pt too wide) in paragraph at lines 970--971
 [][] 
 []



[19]
File: Physics2_PNGs/rod-continous.png Graphic file (type bmp)
<Physics2_PNGs/rod-continous.png>

Overfull \hbox (65.26007pt too wide) in paragraph at lines 1023--1024
 [][] 
 []



[20]
File: Physics2_PNGs/disk-continous.png Graphic file (type bmp)
<Physics2_PNGs/disk-continous.png>

Overfull \hbox (51.03369pt too wide) in paragraph at lines 1074--1075
 [][] 
 []


Underfull \hbox (badness 10000) in paragraph at lines 1095--1098

 []


Underfull \hbox (badness 10000) in paragraph at lines 1095--1098

 []


Underfull \hbox (badness 10000) in paragraph at lines 1095--1098

 []

File: Physics2_PNGs/charge-in-elec-field.png Graphic file (type bmp)
<Physics2_PNGs/charge-in-elec-field.png>

Overfull \hbox (51.03369pt too wide) in paragraph at lines 1107--1108
 [][] 
 []



[21]
File: Physics2_PNGs/2-charges-potential.png Graphic file (type bmp)
<Physics2_PNGs/2-charges-potential.png>

Overfull \hbox (51.03369pt too wide) in paragraph at lines 1142--1143
 [][] 
 []

File: Physics2_PNGs/plot-charge-potential.png Graphic file (type bmp)
<Physics2_PNGs/plot-charge-potential.png>

Overfull \hbox (22.58093pt too wide) in paragraph at lines 1166--1167
 [][] 
 []


Underfull \hbox (badness 10000) in paragraph at lines 1173--1179

 []



[22]
File: Physics2_PNGs/isolated-conduct-elec-field.png Graphic file (type bmp)
<Physics2_PNGs/isolated-conduct-elec-field.png>

Overfull \hbox (42.49777pt too wide) in paragraph at lines 1191--1192
 [][] 
 []



[23]

Package wrapfig Warning: Collision between wrapping environments on input line 
1211.

File: Physics2_PNGs/capacitor-scheme.png Graphic file (type bmp)
<Physics2_PNGs/capacitor-scheme.png>

Overfull \hbox (42.49777pt too wide) in paragraph at lines 1213--1214
 [][] 
 []


Underfull \hbox (badness 10000) in paragraph at lines 1207--1216

 []


Package wrapfig Warning: Stationary wrapfigure forced to float on input line 12
16.

File: Physics2_PNGs/capacitor-charging.png Graphic file (type bmp)
<Physics2_PNGs/capacitor-charging.png>

Overfull \hbox (60.02614pt too wide) in paragraph at lines 1243--1244
 [][] 
 []



[24]
File: Physics2_PNGs/capacitor-charging-closeup.png Graphic file (type bmp)
<Physics2_PNGs/capacitor-charging-closeup.png>


[25]
File: Physics2_PNGs/cylindrical-capacitor.png Graphic file (type bmp)
<Physics2_PNGs/cylindrical-capacitor.png>


[26]
File: Physics2_PNGs/parallel-capacitors.png Graphic file (type bmp)
<Physics2_PNGs/parallel-capacitors.png>

Overfull \hbox (67.17375pt too wide) in paragraph at lines 1407--1408
 [][] 
 []



[27]
File: Physics2_PNGs/series-capacitors.png Graphic file (type bmp)
<Physics2_PNGs/series-capacitors.png>

Overfull \hbox (65.89795pt too wide) in paragraph at lines 1439--1440
 [][] 
 []


Underfull \hbox (badness 10000) in paragraph at lines 1489--1492

 []



[28]
File: Physics2_PNGs/dielectrics.png Graphic file (type bmp)
<Physics2_PNGs/dielectrics.png>

Overfull \hbox (43.13567pt too wide) in paragraph at lines 1522--1523
 [][] 
 []


Underfull \hbox (badness 10000) in paragraph at lines 1531--1532

 []


Underfull \hbox (badness 10000) in paragraph at lines 1531--1532

 []



[29]
File: Physics2_PNGs/molecular-dipoles.png Graphic file (type bmp)
<Physics2_PNGs/molecular-dipoles.png>


[30]
File: Physics2_PNGs/gaussian-surf-dielecs.png Graphic file (type bmp)
<Physics2_PNGs/gaussian-surf-dielecs.png>

Overfull \hbox (65.89795pt too wide) in paragraph at lines 1586--1587
 [][] 
 []



[31]
File: Physics2_PNGs/elec-current.png Graphic file (type bmp)
<Physics2_PNGs/elec-current.png>

Overfull \hbox (64.62218pt too wide) in paragraph at lines 1645--1646
 [][] 
 []


Package wrapfig Warning: Collision between wrapping environments on input line 
1667.

File: Physics2_PNGs/current-is-conserved.png Graphic file (type bmp)
<Physics2_PNGs/current-is-conserved.png>

Overfull \hbox (78.84856pt too wide) in paragraph at lines 1669--1670
 [][] 
 []


Underfull \hbox (badness 10000) in paragraph at lines 1664--1672

 []


Package wrapfig Warning: Stationary wrapfigure forced to float on input line 16
72.



[32]
File: Physics2_PNGs/curr-density.png Graphic file (type bmp)
<Physics2_PNGs/curr-density.png>

Overfull \hbox (50.3958pt too wide) in paragraph at lines 1703--1704
 [][] 
 []

File: Physics2_PNGs/drift-speed.png Graphic file (type bmp)
<Physics2_PNGs/drift-speed.png>

Overfull \hbox (65.26007pt too wide) in paragraph at lines 1732--1733
 [][] 
 []


Underfull \hbox (badness 4582) in paragraph at lines 1736--1738
[]\TU/lmr/m/n/12 Without any kind of current, electrons move randomly with
 []


Underfull \hbox (badness 7362) in paragraph at lines 1736--1738
\TU/lmr/m/n/12 no net motion in any direction (with speed $\OML/cmm/m/it/12 v[]
 \OMS/cmsy/m/n/12 ^^Y \OT1/cmr/m/n/12 10[]$
 []


Underfull \hbox (badness 10000) in paragraph at lines 1736--1738

 []



[33]
File: Physics2_PNGs/resistivities-table.png Graphic file (type bmp)
<Physics2_PNGs/resistivities-table.png>

Overfull \hbox (65.26007pt too wide) in paragraph at lines 1795--1796
 [][] 
 []



[34]
File: Physics2_PNGs/elec-wire-imm.png Graphic file (type bmp)
<Physics2_PNGs/elec-wire-imm.png>

Overfull \hbox (71.06303pt too wide) in paragraph at lines 1835--1836
 [][] 
 []


Underfull \hbox (badness 10000) in paragraph at lines 1839--1844

 []


Underfull \hbox (badness 10000) in paragraph at lines 1875--1881

 []


Underfull \hbox (badness 10000) in paragraph at lines 1875--1881

 []


Underfull \hbox (badness 10000) in paragraph at lines 1875--1881

 []


Underfull \hbox (badness 10000) in paragraph at lines 1875--1881

 []



[35]
File: Physics2_PNGs/battery-circ.png Graphic file (type bmp)
<Physics2_PNGs/battery-circ.png>

Overfull \hbox (41.3345pt too wide) in paragraph at lines 1924--1925
 [][] 
 []



[36]
Underfull \hbox (badness 10000) in paragraph at lines 1946--1949

 []



[37]
File: Physics2_PNGs/emf-device.png Graphic file (type bmp)
<Physics2_PNGs/emf-device.png>

Overfull \hbox (65.89795pt too wide) in paragraph at lines 1989--1990
 [][] 
 []

File: Physics2_PNGs/single-loop-circuit.png Graphic file (type bmp)
<Physics2_PNGs/single-loop-circuit.png>

Overfull \hbox (51.67159pt too wide) in paragraph at lines 2008--2009
 [][] 
 []



[38]
Underfull \hbox (badness 10000) in paragraph at lines 2040--2044

 []


Underfull \hbox (badness 10000) in paragraph at lines 2050--2053

 []

File: Physics2_PNGs/internal-resistance.png Graphic file (type bmp)
<Physics2_PNGs/internal-resistance.png>


[39]
File: Physics2_PNGs/resistances-in-series.png Graphic file (type bmp)
<Physics2_PNGs/resistances-in-series.png>

Overfull \hbox (51.03369pt too wide) in paragraph at lines 2082--2083
 [][] 
 []


Underfull \hbox (badness 10000) in paragraph at lines 2086--2089

 []

File: Physics2_PNGs/multi-loop.png Graphic file (type bmp)
<Physics2_PNGs/multi-loop.png>

Overfull \hbox (51.03369pt too wide) in paragraph at lines 2125--2126
 [][] 
 []


Underfull \hbox (badness 10000) in paragraph at lines 2129--2133

 []


Underfull \hbox (badness 1924) in paragraph at lines 2129--2133
\TU/lmr/bx/n/12 Junction Rule\TU/lmr/m/n/12 : The sum of the currents entering 
any junc-
 []


Underfull \hbox (badness 10000) in paragraph at lines 2129--2133

 []



[40]
File: Physics2_PNGs/parallel-resistances.png Graphic file (type bmp)
<Physics2_PNGs/parallel-resistances.png>

Overfull \hbox (51.03369pt too wide) in paragraph at lines 2157--2158
 [][] 
 []


Underfull \hbox (badness 10000) in paragraph at lines 2161--2165

 []



[41]
Underfull \hbox (badness 10000) in paragraph at lines 2212--2212
[]|\TU/lmr/m/n/12 Same current
 []

Missing character: There is no ​ (U+200B) in font [lmroman12-regular]:mapping=t
ex-text;!

Underfull \hbox (badness 10000) in paragraph at lines 2220--2224

 []

File: Physics2_PNGs/RC-circuit-png.png Graphic file (type bmp)
<Physics2_PNGs/RC-circuit-png.png>

Overfull \hbox (51.03369pt too wide) in paragraph at lines 2233--2234
 [][] 
 []



[42]
File: Physics2_PNGs/charging-capacitor-graph.png Graphic file (type bmp)
<Physics2_PNGs/charging-capacitor-graph.png>

Overfull \hbox (36.80731pt too wide) in paragraph at lines 2265--2266
 [][] 
 []



[43]

[44]
File: Physics2_PNGs/electron-positron.png Graphic file (type bmp)
<Physics2_PNGs/electron-positron.png>

Overfull \hbox (45.8686pt too wide) in paragraph at lines 2389--2390
 [][] 
 []


Underfull \hbox (badness 10000) in paragraph at lines 2393--2397

 []


Underfull \hbox (badness 1571) in paragraph at lines 2393--2397
\TU/lmr/m/n/12 The force $[]$ acting on a charged particle moving with velocity

 []


Underfull \hbox (badness 1642) in paragraph at lines 2393--2397
[]$ \TU/lmr/m/n/12 through a magnetic field $[]$ is \TU/lmr/m/it/12 always \TU/
lmr/m/n/12 perpendicular to $[]$ and
 []


Underfull \hbox (badness 10000) in paragraph at lines 2393--2397

 []

File: Physics2_PNGs/magnetic-field-lines.png Graphic file (type bmp)
<Physics2_PNGs/magnetic-field-lines.png>

Overfull \hbox (36.80731pt too wide) in paragraph at lines 2404--2405
 [][] 
 []


Package wrapfig Warning: Collision between wrapping environments on input line 
2417.

File: Physics2_PNGs/electron-vacuum-measure.png Graphic file (type bmp)
<Physics2_PNGs/electron-vacuum-measure.png>

Overfull \hbox (63.27754pt too wide) in paragraph at lines 2419--2420
 [][] 
 []


Underfull \hbox (badness 10000) in paragraph at lines 2408--2422

 []


Underfull \hbox (badness 10000) in paragraph at lines 2408--2422

 []


Package wrapfig Warning: Stationary wrapfigure forced to float on input line 24
22.

File: Physics2_PNGs/hall-effect.png Graphic file (type bmp)
<Physics2_PNGs/hall-effect.png>

Overfull \hbox (31.00433pt too wide) in paragraph at lines 2440--2441
 [][] 
 []



[45]

[46] (./physics2.aux)
 ***********
LaTeX2e <2024-11-01> patch level 1
L3 programming layer <2024-12-25>
 ***********
 ) 
Here is how much of TeX's memory you used:
 38750 strings out of 475175
 998313 string characters out of 5757551
 1622562 words of memory out of 5000000
 61269 multiletter control sequences out of 15000+600000
 575234 words of font info for 120 fonts, out of 8000000 for 9000
 374 hyphenation exceptions out of 8191
 98i,19n,107p,935b,692s stack positions out of 10000i,1000n,20000p,200000b,200000s

Output written on physics2.pdf (46 pages).
